<?xml version="1.0" encoding="UTF-8"?>
<!-- Generated by org.testng.reporters.JUnitReportReporter -->
<testsuite hostname="DESKTOP-A4K1K6J" failures="0" tests="2" name="com.softserve.rozetka.tests.NoteBookFilteringTest" time="6.666" errors="0" timestamp="2022-12-06T14:53:41 EET" skipped="0">
  <testcase classname="com.softserve.rozetka.tests.NoteBookFilteringTest" name="checkSearchingNotebooksOfOneBrand" time="4.035"/>
  <system-out/>
  <testcase classname="com.softserve.rozetka.tests.NoteBookFilteringTest" name="checkSearchingNotebooksOfInvalidBrand" time="2.631"/>
  <system-out/>
</testsuite> <!-- com.softserve.rozetka.tests.NoteBookFilteringTest -->
