<?xml version="1.0" encoding="UTF-8"?>
<!-- Generated by org.testng.reporters.JUnitReportReporter -->
<testsuite hostname="DESKTOP-A4K1K6J" failures="0" tests="5" name="com.softserve.rozetka.tests.LoginPageTest" time="2.353" errors="0" timestamp="2022-12-10T14:29:17 EET" skipped="0">
  <testcase classname="com.softserve.rozetka.tests.LoginPageTest" name="checkErrorInvalidEmail" time="0.640"/>
  <system-out/>
  <testcase classname="com.softserve.rozetka.tests.LoginPageTest" name="checkErrorUnregisteredEmail" time="0.413"/>
  <system-out/>
  <testcase classname="com.softserve.rozetka.tests.LoginPageTest" name="checkOpenPasswordRecoveryFormAfterClickingOnRemindPasswordButton" time="0.403"/>
  <system-out/>
  <testcase classname="com.softserve.rozetka.tests.LoginPageTest" name="checkHideShowPasswordButtonShowsPasswordOnEvenNumberClicks" time="0.576"/>
  <system-out/>
  <testcase classname="com.softserve.rozetka.tests.LoginPageTest" name="checkHideShowPasswordButtonShowsPasswordOnOddNumberClicks" time="0.321"/>
  <system-out/>
</testsuite> <!-- com.softserve.rozetka.tests.LoginPageTest -->
