<?xml version="1.0" encoding="UTF-8"?>
<!-- Generated by org.testng.reporters.JUnitReportReporter -->
<testsuite hostname="DESKTOP-A4K1K6J" failures="0" tests="4" name="com.softserve.rozetka.tests.NotebooksSortingTest" time="17.715" errors="0" timestamp="2022-11-22T14:39:43 EET" skipped="0">
  <testcase classname="com.softserve.rozetka.tests.NotebooksSortingTest" name="checkSearchingNotebooksOfOneBrand" time="4.814"/>
  <system-out/>
  <testcase classname="com.softserve.rozetka.tests.NotebooksSortingTest" name="checkSearchingNotebooksOfInvalidBrand" time="6.228"/>
  <system-out/>
  <testcase classname="com.softserve.rozetka.tests.NotebooksSortingTest" name="checkNotebooksFilteringFromLowerToHigher" time="3.377"/>
  <system-out/>
  <testcase classname="com.softserve.rozetka.tests.NotebooksSortingTest" name="checkNotebooksFilteringFromHigherToLower" time="3.296"/>
  <system-out/>
</testsuite> <!-- com.softserve.rozetka.tests.NotebooksSortingTest -->
