<?xml version="1.0" encoding="UTF-8"?>
<!-- Generated by org.testng.reporters.JUnitReportReporter -->
<testsuite hostname="DESKTOP-A4K1K6J" failures="0" tests="2" name="com.softserve.rozetka.tests.NotebooksSortingTest" time="7.913" errors="0" timestamp="2022-11-29T12:12:51 EET" skipped="0">
  <testcase classname="com.softserve.rozetka.tests.NotebooksSortingTest" name="checkNotebooksFilteringFromLowerToHigher" time="4.978"/>
  <system-out/>
  <testcase classname="com.softserve.rozetka.tests.NotebooksSortingTest" name="checkNotebooksFilteringFromHigherToLower" time="2.935"/>
  <system-out/>
</testsuite> <!-- com.softserve.rozetka.tests.NotebooksSortingTest -->
