<?xml version="1.0" encoding="UTF-8"?>
<!-- Generated by org.testng.reporters.JUnitReportReporter -->
<testsuite hostname="DESKTOP-A4K1K6J" failures="0" tests="2" name="com.softserve.rozetka.tests.NotebooksSortingTest" time="6.864" errors="0" timestamp="2022-12-06T14:53:41 EET" skipped="0">
  <testcase classname="com.softserve.rozetka.tests.NotebooksSortingTest" name="checkNotebooksFilteringFromLowerToHigher" time="4.161"/>
  <system-out/>
  <testcase classname="com.softserve.rozetka.tests.NotebooksSortingTest" name="checkNotebooksFilteringFromHigherToLower" time="2.703"/>
  <system-out/>
</testsuite> <!-- com.softserve.rozetka.tests.NotebooksSortingTest -->
