<?xml version="1.0" encoding="UTF-8"?>
<!-- Generated by org.testng.reporters.JUnitReportReporter -->
<testsuite hostname="DESKTOP-A4K1K6J" failures="0" tests="2" name="com.softserve.rozetka.tests.NoteBookFilteringTest" time="10.739" errors="0" timestamp="2022-11-29T12:12:51 EET" skipped="0">
  <testcase classname="com.softserve.rozetka.tests.NoteBookFilteringTest" name="checkSearchingNotebooksOfOneBrand" time="4.666"/>
  <system-out/>
  <testcase classname="com.softserve.rozetka.tests.NoteBookFilteringTest" name="checkSearchingNotebooksOfInvalidBrand" time="6.073"/>
  <system-out/>
</testsuite> <!-- com.softserve.rozetka.tests.NoteBookFilteringTest -->
