<?xml version="1.0" encoding="UTF-8"?>
<!-- Generated by org.testng.reporters.JUnitReportReporter -->
<testsuite hostname="DESKTOP-A4K1K6J" failures="0" tests="1" name="com.softserve.rozetka.login_page_tests.FilterByPriceTest" time="3.844" errors="0" timestamp="2022-12-10T14:29:17 EET" skipped="0">
  <testcase classname="com.softserve.rozetka.login_page_tests.FilterByPriceTest" name="checkThePriceRange" time="3.844"/>
  <system-out/>
</testsuite> <!-- com.softserve.rozetka.login_page_tests.FilterByPriceTest -->
