<?xml version="1.0" encoding="UTF-8"?>
<!-- Generated by org.testng.reporters.JUnitReportReporter -->
<testsuite hostname="DESKTOP-A4K1K6J" failures="0" tests="2" name="com.softserve.rozetka.tests.NoteBookFilteringTest" time="6.801" errors="0" timestamp="2022-12-10T14:29:17 EET" skipped="0">
  <testcase classname="com.softserve.rozetka.tests.NoteBookFilteringTest" name="checkSearchingNotebooksOfOneBrand" time="4.174"/>
  <system-out/>
  <testcase classname="com.softserve.rozetka.tests.NoteBookFilteringTest" name="checkSearchingNotebooksOfInvalidBrand" time="2.627"/>
  <system-out/>
</testsuite> <!-- com.softserve.rozetka.tests.NoteBookFilteringTest -->
