<?xml version="1.0" encoding="UTF-8"?>
<!-- Generated by org.testng.reporters.JUnitReportReporter -->
<testsuite hostname="DESKTOP-A4K1K6J" failures="0" tests="2" name="com.softserve.rozetka.tests.NoteBookFilteringTest" time="10.227" errors="0" timestamp="2022-11-26T14:13:52 EET" skipped="0">
  <testcase classname="com.softserve.rozetka.tests.NoteBookFilteringTest" name="checkSearchingNotebooksOfOneBrand" time="4.531"/>
  <system-out/>
  <testcase classname="com.softserve.rozetka.tests.NoteBookFilteringTest" name="checkSearchingNotebooksOfInvalidBrand" time="5.696"/>
  <system-out/>
</testsuite> <!-- com.softserve.rozetka.tests.NoteBookFilteringTest -->
