<?xml version="1.0" encoding="UTF-8"?>
<!-- Generated by org.testng.reporters.JUnitReportReporter -->
<testsuite hostname="DESKTOP-A4K1K6J" failures="0" tests="2" name="com.softserve.rozetka.tests.NoteBookFilteringTest" time="6.069" errors="0" timestamp="2022-12-03T11:03:04 EET" skipped="0">
  <testcase classname="com.softserve.rozetka.tests.NoteBookFilteringTest" name="checkSearchingNotebooksOfOneBrand" time="3.450"/>
  <system-out/>
  <testcase classname="com.softserve.rozetka.tests.NoteBookFilteringTest" name="checkSearchingNotebooksOfInvalidBrand" time="2.619"/>
  <system-out/>
</testsuite> <!-- com.softserve.rozetka.tests.NoteBookFilteringTest -->
